<?xml version="1.0" encoding="UTF-8"?>
<!-- Generated by org.testng.reporters.JUnitXMLReporter -->
<testsuite hostname="Prateeks-PC" name="Sanity Test" tests="8" failures="0" timestamp="3 Oct 2020 12:08:22 GMT" time="0.057" errors="0">
  <testcase name="LoginSuccess" time="0.014" classname="FlipkartLogin.Login"/>
  <testcase name="ProductSearch" time="0.002" classname="FlipkartSearch.Search"/>
  <testcase name="ProductClicked" time="0.001" classname="FlipkartSearch.Search"/>
  <testcase name="AddToCart" time="0.002" classname="FlipkartPayment.Cart"/>
  <testcase name="ValidCardDetails" time="0.001" classname="FlipkartPayment.Payment"/>
  <testcase name="OrderNumber" time="0.001" classname="FlipkartOrder.Order"/>
  <testcase name="OrderDeliveryDate" time="0.001" classname="FlipkartOrder.Order"/>
  <testcase name="LogoutSuccess" time="0.001" classname="FlipkartLogout.Logout"/>
</testsuite> <!-- Sanity Test -->
